CRITICAL - 2025-06-11 15:02:03 --> TypeError: base_url(): Argument #2 ($scheme) must be of type ?string, array given, called in C:\laragon\www\Project_Codeigniter\app-cashflow_copy\app\Views\forms.php on line 34
in SYSTEMPATH\Helpers\url_helper.php on line 48.
 1 APPPATH\Views\forms.php(34): base_url('forms/simpan', [...])
 2 SYSTEMPATH\View\View.php(228): include('C:\\laragon\\www\\Project_Codeigniter\\app-cashflow_copy\\app\\Views\\forms.php')
 3 SYSTEMPATH\View\View.php(231): CodeIgniter\View\View->CodeIgniter\View\{closure}()
 4 SYSTEMPATH\Common.php(1178): CodeIgniter\View\View->render('forms', [], true)
 5 APPPATH\Controllers\forms.php(8): view('forms')
 6 SYSTEMPATH\CodeIgniter.php(941): App\Controllers\forms->input()
 7 SYSTEMPATH\CodeIgniter.php(502): CodeIgniter\CodeIgniter->runController(Object(App\Controllers\forms))
 8 SYSTEMPATH\CodeIgniter.php(361): CodeIgniter\CodeIgniter->handleRequest(null, Object(Config\Cache), false)
 9 FCPATH\index.php(79): CodeIgniter\CodeIgniter->run()
CRITICAL - 2025-06-11 15:28:55 --> Error: Call to undefined function form_open()
in APPPATH\Views\forms.php on line 34.
 1 SYSTEMPATH\View\View.php(228): include()
 2 SYSTEMPATH\View\View.php(231): CodeIgniter\View\View->CodeIgniter\View\{closure}()
 3 SYSTEMPATH\Common.php(1178): CodeIgniter\View\View->render('forms', [], true)
 4 APPPATH\Controllers\forms.php(17): view('forms', [...])
 5 SYSTEMPATH\CodeIgniter.php(941): App\Controllers\forms->input()
 6 SYSTEMPATH\CodeIgniter.php(502): CodeIgniter\CodeIgniter->runController(Object(App\Controllers\forms))
 7 SYSTEMPATH\CodeIgniter.php(361): CodeIgniter\CodeIgniter->handleRequest(null, Object(Config\Cache), false)
 8 FCPATH\index.php(79): CodeIgniter\CodeIgniter->run()
CRITICAL - 2025-06-11 15:29:27 --> Error: Call to undefined function form_open()
in APPPATH\Views\forms.php on line 34.
 1 SYSTEMPATH\View\View.php(228): include()
 2 SYSTEMPATH\View\View.php(231): CodeIgniter\View\View->CodeIgniter\View\{closure}()
 3 SYSTEMPATH\Common.php(1178): CodeIgniter\View\View->render('forms', [], true)
 4 APPPATH\Controllers\forms.php(17): view('forms', [...])
 5 SYSTEMPATH\CodeIgniter.php(941): App\Controllers\forms->input()
 6 SYSTEMPATH\CodeIgniter.php(502): CodeIgniter\CodeIgniter->runController(Object(App\Controllers\forms))
 7 SYSTEMPATH\CodeIgniter.php(361): CodeIgniter\CodeIgniter->handleRequest(null, Object(Config\Cache), false)
 8 FCPATH\index.php(79): CodeIgniter\CodeIgniter->run()
CRITICAL - 2025-06-11 15:32:40 --> Error: Call to undefined function form_open()
in APPPATH\Views\forms.php on line 34.
 1 SYSTEMPATH\View\View.php(228): include()
 2 SYSTEMPATH\View\View.php(231): CodeIgniter\View\View->CodeIgniter\View\{closure}()
 3 SYSTEMPATH\Common.php(1178): CodeIgniter\View\View->render('forms', [], true)
 4 APPPATH\Controllers\forms.php(17): view('forms', [...])
 5 SYSTEMPATH\CodeIgniter.php(941): App\Controllers\forms->input()
 6 SYSTEMPATH\CodeIgniter.php(502): CodeIgniter\CodeIgniter->runController(Object(App\Controllers\forms))
 7 SYSTEMPATH\CodeIgniter.php(361): CodeIgniter\CodeIgniter->handleRequest(null, Object(Config\Cache), false)
 8 FCPATH\index.php(79): CodeIgniter\CodeIgniter->run()
CRITICAL - 2025-06-11 20:22:05 --> Error: Call to undefined function form_open()
in APPPATH\Views\forms.php on line 34.
 1 SYSTEMPATH\View\View.php(228): include()
 2 SYSTEMPATH\View\View.php(231): CodeIgniter\View\View->CodeIgniter\View\{closure}()
 3 SYSTEMPATH\Common.php(1178): CodeIgniter\View\View->render('forms', [], true)
 4 APPPATH\Controllers\forms.php(17): view('forms', [...])
 5 SYSTEMPATH\CodeIgniter.php(941): App\Controllers\forms->input()
 6 SYSTEMPATH\CodeIgniter.php(502): CodeIgniter\CodeIgniter->runController(Object(App\Controllers\forms))
 7 SYSTEMPATH\CodeIgniter.php(361): CodeIgniter\CodeIgniter->handleRequest(null, Object(Config\Cache), false)
 8 FCPATH\index.php(79): CodeIgniter\CodeIgniter->run()
CRITICAL - 2025-06-11 20:36:20 --> ErrorException: Undefined variable $transaksi
in APPPATH\Views\forms.php on line 40.
 1 APPPATH\Views\forms.php(40): CodeIgniter\Debug\Exceptions->errorHandler(2, 'Undefined variable $transaksi', 'C:\\laragon\\www\\Project_Codeigniter\\app-cashflow_copy\\app\\Views\\forms.php', 40)
 2 SYSTEMPATH\View\View.php(228): include('C:\\laragon\\www\\Project_Codeigniter\\app-cashflow_copy\\app\\Views\\forms.php')
 3 SYSTEMPATH\View\View.php(231): CodeIgniter\View\View->CodeIgniter\View\{closure}()
 4 SYSTEMPATH\Common.php(1178): CodeIgniter\View\View->render('forms', [], true)
 5 APPPATH\Controllers\forms.php(17): view('forms', [...])
 6 SYSTEMPATH\CodeIgniter.php(941): App\Controllers\forms->input()
 7 SYSTEMPATH\CodeIgniter.php(502): CodeIgniter\CodeIgniter->runController(Object(App\Controllers\forms))
 8 SYSTEMPATH\CodeIgniter.php(361): CodeIgniter\CodeIgniter->handleRequest(null, Object(Config\Cache), false)
 9 FCPATH\index.php(79): CodeIgniter\CodeIgniter->run()
CRITICAL - 2025-06-11 20:36:31 --> ErrorException: Undefined variable $transaksi
in APPPATH\Views\forms.php on line 40.
 1 APPPATH\Views\forms.php(40): CodeIgniter\Debug\Exceptions->errorHandler(2, 'Undefined variable $transaksi', 'C:\\laragon\\www\\Project_Codeigniter\\app-cashflow_copy\\app\\Views\\forms.php', 40)
 2 SYSTEMPATH\View\View.php(228): include('C:\\laragon\\www\\Project_Codeigniter\\app-cashflow_copy\\app\\Views\\forms.php')
 3 SYSTEMPATH\View\View.php(231): CodeIgniter\View\View->CodeIgniter\View\{closure}()
 4 SYSTEMPATH\Common.php(1178): CodeIgniter\View\View->render('forms', [], true)
 5 APPPATH\Controllers\forms.php(17): view('forms', [...])
 6 SYSTEMPATH\CodeIgniter.php(941): App\Controllers\forms->input()
 7 SYSTEMPATH\CodeIgniter.php(502): CodeIgniter\CodeIgniter->runController(Object(App\Controllers\forms))
 8 SYSTEMPATH\CodeIgniter.php(361): CodeIgniter\CodeIgniter->handleRequest(null, Object(Config\Cache), false)
 9 FCPATH\index.php(79): CodeIgniter\CodeIgniter->run()
CRITICAL - 2025-06-11 20:36:51 --> ErrorException: Undefined variable $transaksi
in APPPATH\Views\forms.php on line 40.
 1 APPPATH\Views\forms.php(40): CodeIgniter\Debug\Exceptions->errorHandler(2, 'Undefined variable $transaksi', 'C:\\laragon\\www\\Project_Codeigniter\\app-cashflow_copy\\app\\Views\\forms.php', 40)
 2 SYSTEMPATH\View\View.php(228): include('C:\\laragon\\www\\Project_Codeigniter\\app-cashflow_copy\\app\\Views\\forms.php')
 3 SYSTEMPATH\View\View.php(231): CodeIgniter\View\View->CodeIgniter\View\{closure}()
 4 SYSTEMPATH\Common.php(1178): CodeIgniter\View\View->render('forms', [], true)
 5 APPPATH\Controllers\forms.php(17): view('forms', [...])
 6 SYSTEMPATH\CodeIgniter.php(941): App\Controllers\forms->input()
 7 SYSTEMPATH\CodeIgniter.php(502): CodeIgniter\CodeIgniter->runController(Object(App\Controllers\forms))
 8 SYSTEMPATH\CodeIgniter.php(361): CodeIgniter\CodeIgniter->handleRequest(null, Object(Config\Cache), false)
 9 FCPATH\index.php(79): CodeIgniter\CodeIgniter->run()
CRITICAL - 2025-06-11 20:37:29 --> ErrorException: Undefined variable $transaksi
in APPPATH\Views\forms.php on line 40.
 1 APPPATH\Views\forms.php(40): CodeIgniter\Debug\Exceptions->errorHandler(2, 'Undefined variable $transaksi', 'C:\\laragon\\www\\Project_Codeigniter\\app-cashflow_copy\\app\\Views\\forms.php', 40)
 2 SYSTEMPATH\View\View.php(228): include('C:\\laragon\\www\\Project_Codeigniter\\app-cashflow_copy\\app\\Views\\forms.php')
 3 SYSTEMPATH\View\View.php(231): CodeIgniter\View\View->CodeIgniter\View\{closure}()
 4 SYSTEMPATH\Common.php(1178): CodeIgniter\View\View->render('forms', [], true)
 5 APPPATH\Controllers\forms.php(17): view('forms', [...])
 6 SYSTEMPATH\CodeIgniter.php(941): App\Controllers\forms->input()
 7 SYSTEMPATH\CodeIgniter.php(502): CodeIgniter\CodeIgniter->runController(Object(App\Controllers\forms))
 8 SYSTEMPATH\CodeIgniter.php(361): CodeIgniter\CodeIgniter->handleRequest(null, Object(Config\Cache), false)
 9 FCPATH\index.php(79): CodeIgniter\CodeIgniter->run()
CRITICAL - 2025-06-11 20:38:52 --> ErrorException: Undefined variable $transaksi
in APPPATH\Views\forms.php on line 40.
 1 APPPATH\Views\forms.php(40): CodeIgniter\Debug\Exceptions->errorHandler(2, 'Undefined variable $transaksi', 'C:\\laragon\\www\\Project_Codeigniter\\app-cashflow_copy\\app\\Views\\forms.php', 40)
 2 SYSTEMPATH\View\View.php(228): include('C:\\laragon\\www\\Project_Codeigniter\\app-cashflow_copy\\app\\Views\\forms.php')
 3 SYSTEMPATH\View\View.php(231): CodeIgniter\View\View->CodeIgniter\View\{closure}()
 4 SYSTEMPATH\Common.php(1178): CodeIgniter\View\View->render('forms', [], true)
 5 APPPATH\Controllers\forms.php(17): view('forms', [...])
 6 SYSTEMPATH\CodeIgniter.php(941): App\Controllers\forms->input()
 7 SYSTEMPATH\CodeIgniter.php(502): CodeIgniter\CodeIgniter->runController(Object(App\Controllers\forms))
 8 SYSTEMPATH\CodeIgniter.php(361): CodeIgniter\CodeIgniter->handleRequest(null, Object(Config\Cache), false)
 9 FCPATH\index.php(79): CodeIgniter\CodeIgniter->run()
CRITICAL - 2025-06-11 20:39:46 --> ErrorException: Undefined variable $transaksi
in APPPATH\Views\forms.php on line 39.
 1 APPPATH\Views\forms.php(39): CodeIgniter\Debug\Exceptions->errorHandler(2, 'Undefined variable $transaksi', 'C:\\laragon\\www\\Project_Codeigniter\\app-cashflow_copy\\app\\Views\\forms.php', 39)
 2 SYSTEMPATH\View\View.php(228): include('C:\\laragon\\www\\Project_Codeigniter\\app-cashflow_copy\\app\\Views\\forms.php')
 3 SYSTEMPATH\View\View.php(231): CodeIgniter\View\View->CodeIgniter\View\{closure}()
 4 SYSTEMPATH\Common.php(1178): CodeIgniter\View\View->render('forms', [], true)
 5 APPPATH\Controllers\forms.php(17): view('forms', [...])
 6 SYSTEMPATH\CodeIgniter.php(941): App\Controllers\forms->input()
 7 SYSTEMPATH\CodeIgniter.php(502): CodeIgniter\CodeIgniter->runController(Object(App\Controllers\forms))
 8 SYSTEMPATH\CodeIgniter.php(361): CodeIgniter\CodeIgniter->handleRequest(null, Object(Config\Cache), false)
 9 FCPATH\index.php(79): CodeIgniter\CodeIgniter->run()
CRITICAL - 2025-06-11 20:41:40 --> ErrorException: Undefined variable $transaksi
in APPPATH\Views\forms.php on line 39.
 1 APPPATH\Views\forms.php(39): CodeIgniter\Debug\Exceptions->errorHandler(2, 'Undefined variable $transaksi', 'C:\\laragon\\www\\Project_Codeigniter\\app-cashflow_copy\\app\\Views\\forms.php', 39)
 2 SYSTEMPATH\View\View.php(228): include('C:\\laragon\\www\\Project_Codeigniter\\app-cashflow_copy\\app\\Views\\forms.php')
 3 SYSTEMPATH\View\View.php(231): CodeIgniter\View\View->CodeIgniter\View\{closure}()
 4 SYSTEMPATH\Common.php(1178): CodeIgniter\View\View->render('forms', [], true)
 5 APPPATH\Controllers\forms.php(17): view('forms', [...])
 6 SYSTEMPATH\CodeIgniter.php(941): App\Controllers\forms->input()
 7 SYSTEMPATH\CodeIgniter.php(502): CodeIgniter\CodeIgniter->runController(Object(App\Controllers\forms))
 8 SYSTEMPATH\CodeIgniter.php(361): CodeIgniter\CodeIgniter->handleRequest(null, Object(Config\Cache), false)
 9 FCPATH\index.php(79): CodeIgniter\CodeIgniter->run()
CRITICAL - 2025-06-11 20:44:20 --> ErrorException: Undefined variable $transaksi
in APPPATH\Views\forms.php on line 39.
 1 APPPATH\Views\forms.php(39): CodeIgniter\Debug\Exceptions->errorHandler(2, 'Undefined variable $transaksi', 'C:\\laragon\\www\\Project_Codeigniter\\app-cashflow_copy\\app\\Views\\forms.php', 39)
 2 SYSTEMPATH\View\View.php(228): include('C:\\laragon\\www\\Project_Codeigniter\\app-cashflow_copy\\app\\Views\\forms.php')
 3 SYSTEMPATH\View\View.php(231): CodeIgniter\View\View->CodeIgniter\View\{closure}()
 4 SYSTEMPATH\Common.php(1178): CodeIgniter\View\View->render('forms', [], true)
 5 APPPATH\Controllers\forms.php(17): view('forms', [...])
 6 SYSTEMPATH\CodeIgniter.php(941): App\Controllers\forms->input()
 7 SYSTEMPATH\CodeIgniter.php(502): CodeIgniter\CodeIgniter->runController(Object(App\Controllers\forms))
 8 SYSTEMPATH\CodeIgniter.php(361): CodeIgniter\CodeIgniter->handleRequest(null, Object(Config\Cache), false)
 9 FCPATH\index.php(79): CodeIgniter\CodeIgniter->run()
CRITICAL - 2025-06-11 21:04:32 --> ErrorException: Undefined variable $transaksi
in APPPATH\Views\forms.php on line 39.
 1 APPPATH\Views\forms.php(39): CodeIgniter\Debug\Exceptions->errorHandler(2, 'Undefined variable $transaksi', 'C:\\laragon\\www\\Project_Codeigniter\\app-cashflow_copy\\app\\Views\\forms.php', 39)
 2 SYSTEMPATH\View\View.php(228): include('C:\\laragon\\www\\Project_Codeigniter\\app-cashflow_copy\\app\\Views\\forms.php')
 3 SYSTEMPATH\View\View.php(231): CodeIgniter\View\View->CodeIgniter\View\{closure}()
 4 SYSTEMPATH\Common.php(1178): CodeIgniter\View\View->render('forms', [], true)
 5 APPPATH\Controllers\forms.php(17): view('forms', [...])
 6 SYSTEMPATH\CodeIgniter.php(941): App\Controllers\forms->input()
 7 SYSTEMPATH\CodeIgniter.php(502): CodeIgniter\CodeIgniter->runController(Object(App\Controllers\forms))
 8 SYSTEMPATH\CodeIgniter.php(361): CodeIgniter\CodeIgniter->handleRequest(null, Object(Config\Cache), false)
 9 FCPATH\index.php(79): CodeIgniter\CodeIgniter->run()
CRITICAL - 2025-06-11 21:21:27 --> ErrorException: Undefined variable $transaksi
in APPPATH\Views\forms.php on line 38.
 1 APPPATH\Views\forms.php(38): CodeIgniter\Debug\Exceptions->errorHandler(2, 'Undefined variable $transaksi', 'C:\\laragon\\www\\Project_Codeigniter\\app-cashflow_copy\\app\\Views\\forms.php', 38)
 2 SYSTEMPATH\View\View.php(228): include('C:\\laragon\\www\\Project_Codeigniter\\app-cashflow_copy\\app\\Views\\forms.php')
 3 SYSTEMPATH\View\View.php(231): CodeIgniter\View\View->CodeIgniter\View\{closure}()
 4 SYSTEMPATH\Common.php(1178): CodeIgniter\View\View->render('forms', [], true)
 5 APPPATH\Controllers\forms.php(17): view('forms', [...])
 6 SYSTEMPATH\CodeIgniter.php(941): App\Controllers\forms->input()
 7 SYSTEMPATH\CodeIgniter.php(502): CodeIgniter\CodeIgniter->runController(Object(App\Controllers\forms))
 8 SYSTEMPATH\CodeIgniter.php(361): CodeIgniter\CodeIgniter->handleRequest(null, Object(Config\Cache), false)
 9 FCPATH\index.php(79): CodeIgniter\CodeIgniter->run()
CRITICAL - 2025-06-11 21:23:10 --> ErrorException: Undefined variable $transaksi
in APPPATH\Views\forms.php on line 39.
 1 APPPATH\Views\forms.php(39): CodeIgniter\Debug\Exceptions->errorHandler(2, 'Undefined variable $transaksi', 'C:\\laragon\\www\\Project_Codeigniter\\app-cashflow_copy\\app\\Views\\forms.php', 39)
 2 SYSTEMPATH\View\View.php(228): include('C:\\laragon\\www\\Project_Codeigniter\\app-cashflow_copy\\app\\Views\\forms.php')
 3 SYSTEMPATH\View\View.php(231): CodeIgniter\View\View->CodeIgniter\View\{closure}()
 4 SYSTEMPATH\Common.php(1178): CodeIgniter\View\View->render('forms', [], true)
 5 APPPATH\Controllers\forms.php(17): view('forms', [...])
 6 SYSTEMPATH\CodeIgniter.php(941): App\Controllers\forms->input()
 7 SYSTEMPATH\CodeIgniter.php(502): CodeIgniter\CodeIgniter->runController(Object(App\Controllers\forms))
 8 SYSTEMPATH\CodeIgniter.php(361): CodeIgniter\CodeIgniter->handleRequest(null, Object(Config\Cache), false)
 9 FCPATH\index.php(79): CodeIgniter\CodeIgniter->run()
CRITICAL - 2025-06-11 21:23:51 --> ErrorException: Undefined variable $transaksi
in APPPATH\Views\forms.php on line 37.
 1 APPPATH\Views\forms.php(37): CodeIgniter\Debug\Exceptions->errorHandler(2, 'Undefined variable $transaksi', 'C:\\laragon\\www\\Project_Codeigniter\\app-cashflow_copy\\app\\Views\\forms.php', 37)
 2 SYSTEMPATH\View\View.php(228): include('C:\\laragon\\www\\Project_Codeigniter\\app-cashflow_copy\\app\\Views\\forms.php')
 3 SYSTEMPATH\View\View.php(231): CodeIgniter\View\View->CodeIgniter\View\{closure}()
 4 SYSTEMPATH\Common.php(1178): CodeIgniter\View\View->render('forms', [], true)
 5 APPPATH\Controllers\forms.php(17): view('forms', [...])
 6 SYSTEMPATH\CodeIgniter.php(941): App\Controllers\forms->input()
 7 SYSTEMPATH\CodeIgniter.php(502): CodeIgniter\CodeIgniter->runController(Object(App\Controllers\forms))
 8 SYSTEMPATH\CodeIgniter.php(361): CodeIgniter\CodeIgniter->handleRequest(null, Object(Config\Cache), false)
 9 FCPATH\index.php(79): CodeIgniter\CodeIgniter->run()
CRITICAL - 2025-06-11 21:23:53 --> ErrorException: Undefined variable $transaksi
in APPPATH\Views\forms.php on line 37.
 1 APPPATH\Views\forms.php(37): CodeIgniter\Debug\Exceptions->errorHandler(2, 'Undefined variable $transaksi', 'C:\\laragon\\www\\Project_Codeigniter\\app-cashflow_copy\\app\\Views\\forms.php', 37)
 2 SYSTEMPATH\View\View.php(228): include('C:\\laragon\\www\\Project_Codeigniter\\app-cashflow_copy\\app\\Views\\forms.php')
 3 SYSTEMPATH\View\View.php(231): CodeIgniter\View\View->CodeIgniter\View\{closure}()
 4 SYSTEMPATH\Common.php(1178): CodeIgniter\View\View->render('forms', [], true)
 5 APPPATH\Controllers\forms.php(17): view('forms', [...])
 6 SYSTEMPATH\CodeIgniter.php(941): App\Controllers\forms->input()
 7 SYSTEMPATH\CodeIgniter.php(502): CodeIgniter\CodeIgniter->runController(Object(App\Controllers\forms))
 8 SYSTEMPATH\CodeIgniter.php(361): CodeIgniter\CodeIgniter->handleRequest(null, Object(Config\Cache), false)
 9 FCPATH\index.php(79): CodeIgniter\CodeIgniter->run()
CRITICAL - 2025-06-11 21:28:55 --> ErrorException: Undefined variable $transaksi
in APPPATH\Views\pemasukan.php on line 42.
 1 APPPATH\Views\pemasukan.php(42): CodeIgniter\Debug\Exceptions->errorHandler(2, 'Undefined variable $transaksi', 'C:\\laragon\\www\\Project_Codeigniter\\app-cashflow_copy\\app\\Views\\pemasukan.php', 42)
 2 SYSTEMPATH\View\View.php(228): include('C:\\laragon\\www\\Project_Codeigniter\\app-cashflow_copy\\app\\Views\\pemasukan.php')
 3 SYSTEMPATH\View\View.php(231): CodeIgniter\View\View->CodeIgniter\View\{closure}()
 4 SYSTEMPATH\Common.php(1178): CodeIgniter\View\View->render('pemasukan', [], true)
 5 APPPATH\Controllers\tables.php(7): view('pemasukan')
 6 SYSTEMPATH\CodeIgniter.php(941): App\Controllers\tables->pemasukan()
 7 SYSTEMPATH\CodeIgniter.php(502): CodeIgniter\CodeIgniter->runController(Object(App\Controllers\tables))
 8 SYSTEMPATH\CodeIgniter.php(361): CodeIgniter\CodeIgniter->handleRequest(null, Object(Config\Cache), false)
 9 FCPATH\index.php(79): CodeIgniter\CodeIgniter->run()
