INFO - 2025-06-26 15:04:27 --> Session: Class initialized using 'CodeIgniter\Session\Handlers\FileHandler' driver.
INFO - 2025-06-26 15:04:32 --> Session: Class initialized using 'CodeIgniter\Session\Handlers\FileHandler' driver.
INFO - 2025-06-26 15:04:36 --> Session: Class initialized using 'CodeIgniter\Session\Handlers\FileHandler' driver.
ERROR - 2025-06-26 17:25:19 --> Error connecting to the database: mysqli_sql_exception: Unknown database 'cashflow2' in C:\laragon\www\Project_Codeigniter\app-cashflow_copy\system\Database\MySQLi\Connection.php:185
Stack trace:
#0 C:\laragon\www\Project_Codeigniter\app-cashflow_copy\system\Database\MySQLi\Connection.php(185): mysqli->real_connect('localhost', 'root', '', 'cashflow2', 3306, '', 0)
#1 C:\laragon\www\Project_Codeigniter\app-cashflow_copy\system\Database\BaseConnection.php(392): CodeIgniter\Database\MySQLi\Connection->connect(false)
#2 C:\laragon\www\Project_Codeigniter\app-cashflow_copy\system\Database\BaseConnection.php(575): CodeIgniter\Database\BaseConnection->initialize()
#3 C:\laragon\www\Project_Codeigniter\app-cashflow_copy\system\Database\BaseBuilder.php(1616): CodeIgniter\Database\BaseConnection->query('SELECT *\nFROM `...', Array, false)
#4 C:\laragon\www\Project_Codeigniter\app-cashflow_copy\app\Models\DML.php(37): CodeIgniter\Database\BaseBuilder->get()
#5 C:\laragon\www\Project_Codeigniter\app-cashflow_copy\app\Controllers\tables.php(13): App\models\DML->dataRead('transaction', Array)
#6 C:\laragon\www\Project_Codeigniter\app-cashflow_copy\system\CodeIgniter.php(941): App\Controllers\tables->pemasukan()
#7 C:\laragon\www\Project_Codeigniter\app-cashflow_copy\system\CodeIgniter.php(502): CodeIgniter\CodeIgniter->runController(Object(App\Controllers\tables))
#8 C:\laragon\www\Project_Codeigniter\app-cashflow_copy\system\CodeIgniter.php(361): CodeIgniter\CodeIgniter->handleRequest(NULL, Object(Config\Cache), false)
#9 C:\laragon\www\Project_Codeigniter\app-cashflow_copy\public\index.php(79): CodeIgniter\CodeIgniter->run()
#10 {main}

Next CodeIgniter\Database\Exceptions\DatabaseException: Unknown database 'cashflow2' in C:\laragon\www\Project_Codeigniter\app-cashflow_copy\system\Database\MySQLi\Connection.php:229
Stack trace:
#0 C:\laragon\www\Project_Codeigniter\app-cashflow_copy\system\Database\BaseConnection.php(392): CodeIgniter\Database\MySQLi\Connection->connect(false)
#1 C:\laragon\www\Project_Codeigniter\app-cashflow_copy\system\Database\BaseConnection.php(575): CodeIgniter\Database\BaseConnection->initialize()
#2 C:\laragon\www\Project_Codeigniter\app-cashflow_copy\system\Database\BaseBuilder.php(1616): CodeIgniter\Database\BaseConnection->query('SELECT *\nFROM `...', Array, false)
#3 C:\laragon\www\Project_Codeigniter\app-cashflow_copy\app\Models\DML.php(37): CodeIgniter\Database\BaseBuilder->get()
#4 C:\laragon\www\Project_Codeigniter\app-cashflow_copy\app\Controllers\tables.php(13): App\models\DML->dataRead('transaction', Array)
#5 C:\laragon\www\Project_Codeigniter\app-cashflow_copy\system\CodeIgniter.php(941): App\Controllers\tables->pemasukan()
#6 C:\laragon\www\Project_Codeigniter\app-cashflow_copy\system\CodeIgniter.php(502): CodeIgniter\CodeIgniter->runController(Object(App\Controllers\tables))
#7 C:\laragon\www\Project_Codeigniter\app-cashflow_copy\system\CodeIgniter.php(361): CodeIgniter\CodeIgniter->handleRequest(NULL, Object(Config\Cache), false)
#8 C:\laragon\www\Project_Codeigniter\app-cashflow_copy\public\index.php(79): CodeIgniter\CodeIgniter->run()
#9 {main}
CRITICAL - 2025-06-26 17:25:19 --> CodeIgniter\Database\Exceptions\DatabaseException: Unable to connect to the database.
Main connection [MySQLi]: Unknown database 'cashflow2'
in SYSTEMPATH\Database\BaseConnection.php on line 428.
 1 SYSTEMPATH\Database\BaseConnection.php(575): CodeIgniter\Database\BaseConnection->initialize()
 2 SYSTEMPATH\Database\BaseBuilder.php(1616): CodeIgniter\Database\BaseConnection->query('SELECT *
FROM `transaction`
WHERE `jenis` = :jenis:', [...], false)
 3 APPPATH\Models\DML.php(37): CodeIgniter\Database\BaseBuilder->get()
 4 APPPATH\Controllers\tables.php(13): App\models\DML->dataRead('transaction', [...])
 5 SYSTEMPATH\CodeIgniter.php(941): App\Controllers\tables->pemasukan()
 6 SYSTEMPATH\CodeIgniter.php(502): CodeIgniter\CodeIgniter->runController(Object(App\Controllers\tables))
 7 SYSTEMPATH\CodeIgniter.php(361): CodeIgniter\CodeIgniter->handleRequest(null, Object(Config\Cache), false)
 8 FCPATH\index.php(79): CodeIgniter\CodeIgniter->run()
